sample.interval=20000
"list.files" "file.info" "mtime" "watch" "<Anonymous>" 
"list.files" "file.info" "mtime" "watch" "<Anonymous>" 
"list.files" "file.info" "mtime" "watch" "<Anonymous>" 
"list.files" "file.info" "mtime" "watch" "<Anonymous>" 
"list.files" "file.info" "mtime" "watch" "<Anonymous>" 
"list.files" "file.info" "mtime" "watch" "<Anonymous>" 
"list.files" "file.info" "mtime" "watch" "<Anonymous>" 
"%fin%" "FUN" "lapply" "lapply" "ora_v3" 
"%fin%" "FUN" "lapply" "sapply" "sapply" "ora_v3" 
"lapply" "sapply" "sapply" "ora_v3" 
"list.files" "file.info" "mtime" "watch" "<Anonymous>" 
"list.files" "file.info" "mtime" "watch" "<Anonymous>" 
"list.files" "file.info" "mtime" "watch" "<Anonymous>" 
"list.files" "file.info" "mtime" "watch" "<Anonymous>" 
"list.files" "file.info" "mtime" "watch" "<Anonymous>" 
"list.files" "file.info" "mtime" "watch" "<Anonymous>" 
"list.files" "file.info" "mtime" "watch" "<Anonymous>" 
"list.files" "file.info" "mtime" "watch" "<Anonymous>" 
"list.files" "file.info" "mtime" "watch" "<Anonymous>" 
